<?xml version="1.0" encoding="UTF-8"?>
<testsuites>
    <testsuite name="force.apex" timestamp="2019-01-14T18:28:32-04:00" hostname="https://aguacat-dev-ed.my.salesforce.com" tests="4" failures="0"  errors="0"  time="0.04">
        <properties>
            <property name="outcome" value="Passed"/>
            <property name="testsRan" value="4"/>
            <property name="passing" value="4"/>
            <property name="failing" value="0"/>
            <property name="skipped" value="0"/>
            <property name="passRate" value="100%"/>
            <property name="failRate" value="0%"/>
            <property name="testStartTime" value="Jan 14, 2019 6:28 PM"/>
            <property name="testExecutionTime" value="0.04 s"/>
            <property name="testTotalTime" value="0.04 s"/>
            <property name="commandTime" value="6.64 s"/>
            <property name="hostname" value="https://aguacat-dev-ed.my.salesforce.com"/>
            <property name="orgId" value="00DF00000008ZhqMAE"/>
            <property name="username" value="lukasgomez@me.com"/>
            <property name="testRunId" value="7072A00008eEpVD"/>
            <property name="userId" value="005F0000003wEOtIAM"/>
        </properties>
        <testcase name="testBoilingPoint" classname="TemperatureConverterTest" time="0.01">
        </testcase>
        <testcase name="testFreezingPoint" classname="TemperatureConverterTest" time="0.01">
        </testcase>
        <testcase name="testNegativeTem" classname="TemperatureConverterTest" time="0.01">
        </testcase>
        <testcase name="testWarmTemp" classname="TemperatureConverterTest" time="0.01">
        </testcase>
    </testsuite>
</testsuites>
